[    0.000000] Linux version 4.15.0-124-generic (buildd@lgw01-amd64-029) (gcc version 7.5.0 (Ubuntu 7.5.0-3ubuntu1~18.04)) #127-Ubuntu SMP Fri Nov 6 10:54:43 UTC 2020 (Ubuntu 4.15.0-124.127-generic 4.15.18)
[    0.000000] Command line: BOOT_IMAGE=/boot/vmlinuz-4.15.0-124-generic root=LABEL=cloudimg-rootfs ro console=tty1 console=ttyS0
[    0.000000] KERNEL supported cpus:
[    0.000000]   Intel GenuineIntel
[    0.000000]   AMD AuthenticAMD
[    0.000000]   Centaur CentaurHauls
[    0.000000] x86/fpu: Supporting XSAVE feature 0x001: 'x87 floating point registers'
[    0.000000] x86/fpu: Supporting XSAVE feature 0x002: 'SSE registers'
[    0.000000] x86/fpu: Supporting XSAVE feature 0x004: 'AVX registers'
[    0.000000] x86/fpu: xstate_offset[2]:  576, xstate_sizes[2]:  256
[    0.000000] x86/fpu: Enabled xstate features 0x7, context size is 832 bytes, using 'standard' format.
[    0.000000] e820: BIOS-provided physical RAM map:
[    0.000000] BIOS-e820: [mem 0x0000000000000000-0x000000000009fbff] usable
[    0.000000] BIOS-e820: [mem 0x000000000009fc00-0x000000000009ffff] reserved
[    0.000000] BIOS-e820: [mem 0x00000000000f0000-0x00000000000fffff] reserved
[    0.000000] BIOS-e820: [mem 0x0000000000100000-0x000000003ffeffff] usable
[    0.000000] BIOS-e820: [mem 0x000000003fff0000-0x000000003fffffff] ACPI data
[    0.000000] BIOS-e820: [mem 0x00000000fec00000-0x00000000fec00fff] reserved
[    0.000000] BIOS-e820: [mem 0x00000000fee00000-0x00000000fee00fff] reserved
[    0.000000] BIOS-e820: [mem 0x00000000fffc0000-0x00000000ffffffff] reserved
[    0.000000] NX (Execute Disable) protection: active
[    0.000000] SMBIOS 2.5 present.
[    0.000000] DMI: innotek GmbH VirtualBox/VirtualBox, BIOS VirtualBox 12/01/2006
[    0.000000] Hypervisor detected: KVM
[    0.000000] e820: last_pfn = 0x3fff0 max_arch_pfn = 0x400000000
[    0.000000] MTRR: Disabled
[    0.000000] x86/PAT: MTRRs disabled, skipping PAT initialization too.
[    0.000000] CPU MTRRs all blank - virtualized system.
[    0.000000] x86/PAT: Configuration [0-7]: WB  WT  UC- UC  WB  WT  UC- UC  
[    0.000000] found SMP MP-table at [mem 0x0009fff0-0x0009ffff]
[    0.000000] Scanning 1 areas for low memory corruption
[    0.000000] RAMDISK: [mem 0x35a67000-0x36d2afff]
[    0.000000] ACPI: Early table checksum verification disabled
[    0.000000] ACPI: RSDP 0x00000000000E0000 000024 (v02 VBOX  )
[    0.000000] ACPI: XSDT 0x000000003FFF0030 00003C (v01 VBOX   VBOXXSDT 00000001 ASL  00000061)
[    0.000000] ACPI: FACP 0x000000003FFF00F0 0000F4 (v04 VBOX   VBOXFACP 00000001 ASL  00000061)
[    0.000000] ACPI: DSDT 0x000000003FFF0470 002325 (v02 VBOX   VBOXBIOS 00000002 INTL 20100528)
[    0.000000] ACPI: FACS 0x000000003FFF0200 000040
[    0.000000] ACPI: FACS 0x000000003FFF0200 000040
[    0.000000] ACPI: APIC 0x000000003FFF0240 00005C (v02 VBOX   VBOXAPIC 00000001 ASL  00000061)
[    0.000000] ACPI: SSDT 0x000000003FFF02A0 0001CC (v01 VBOX   VBOXCPUT 00000002 INTL 20100528)
[    0.000000] No NUMA configuration found
[    0.000000] Faking a node at [mem 0x0000000000000000-0x000000003ffeffff]
[    0.000000] NODE_DATA(0) allocated [mem 0x3ffc5000-0x3ffeffff]
[    0.000000] kvm-clock: cpu 0, msr 0:3ff44001, primary cpu clock
[    0.000000] kvm-clock: Using msrs 4b564d01 and 4b564d00
[    0.000000] kvm-clock: using sched offset of 4511227333 cycles
[    0.000000] clocksource: kvm-clock: mask: 0xffffffffffffffff max_cycles: 0x1cd42e4dffb, max_idle_ns: 881590591483 ns
[    0.000000] Zone ranges:
[    0.000000]   DMA      [mem 0x0000000000001000-0x0000000000ffffff]
[    0.000000]   DMA32    [mem 0x0000000001000000-0x000000003ffeffff]
[    0.000000]   Normal   empty
[    0.000000]   Device   empty
[    0.000000] Movable zone start for each node
[    0.000000] Early memory node ranges
[    0.000000]   node   0: [mem 0x0000000000001000-0x000000000009efff]
[    0.000000]   node   0: [mem 0x0000000000100000-0x000000003ffeffff]
[    0.000000] Reserved but unavailable: 98 pages
[    0.000000] Initmem setup node 0 [mem 0x0000000000001000-0x000000003ffeffff]
[    0.000000] ACPI: PM-Timer IO Port: 0x4008
[    0.000000] IOAPIC[0]: apic_id 2, version 32, address 0xfec00000, GSI 0-23
[    0.000000] ACPI: INT_SRC_OVR (bus 0 bus_irq 0 global_irq 2 dfl dfl)
[    0.000000] ACPI: INT_SRC_OVR (bus 0 bus_irq 9 global_irq 9 low level)
[    0.000000] Using ACPI (MADT) for SMP configuration information
[    0.000000] smpboot: Allowing 2 CPUs, 0 hotplug CPUs
[    0.000000] PM: Registered nosave memory: [mem 0x00000000-0x00000fff]
[    0.000000] PM: Registered nosave memory: [mem 0x0009f000-0x0009ffff]
[    0.000000] PM: Registered nosave memory: [mem 0x000a0000-0x000effff]
[    0.000000] PM: Registered nosave memory: [mem 0x000f0000-0x000fffff]
[    0.000000] e820: [mem 0x40000000-0xfebfffff] available for PCI devices
[    0.000000] Booting paravirtualized kernel on KVM
[    0.000000] clocksource: refined-jiffies: mask: 0xffffffff max_cycles: 0xffffffff, max_idle_ns: 7645519600211568 ns
[    0.000000] random: get_random_bytes called from start_kernel+0x99/0x500 with crng_init=0
[    0.000000] setup_percpu: NR_CPUS:8192 nr_cpumask_bits:2 nr_cpu_ids:2 nr_node_ids:1
[    0.000000] percpu: Embedded 45 pages/cpu s147456 r8192 d28672 u1048576
[    0.000000] PV qspinlock hash table entries: 256 (order: 0, 4096 bytes)
[    0.000000] Built 1 zonelists, mobility grouping on.  Total pages: 257913
[    0.000000] Policy zone: DMA32
[    0.000000] Kernel command line: BOOT_IMAGE=/boot/vmlinuz-4.15.0-124-generic root=LABEL=cloudimg-rootfs ro console=tty1 console=ttyS0
[    0.000000] Memory: 983032K/1048120K available (12300K kernel code, 2482K rwdata, 4272K rodata, 2436K init, 2724K bss, 65088K reserved, 0K cma-reserved)
[    0.000000] SLUB: HWalign=64, Order=0-3, MinObjects=0, CPUs=2, Nodes=1
[    0.000000] Kernel/User page tables isolation: enabled
[    0.000000] ftrace: allocating 39402 entries in 154 pages
[    0.004000] Hierarchical RCU implementation.
[    0.004000] 	RCU restricting CPUs from NR_CPUS=8192 to nr_cpu_ids=2.
[    0.004000] 	Tasks RCU enabled.
[    0.004000] RCU: Adjusting geometry for rcu_fanout_leaf=16, nr_cpu_ids=2
[    0.004000] NR_IRQS: 524544, nr_irqs: 440, preallocated irqs: 16
[    0.004000] Console: colour VGA+ 80x25
[    0.004000] console [tty1] enabled
[    0.004000] console [ttyS0] enabled
[    0.004000] ACPI: Core revision 20170831
[    0.004000] ACPI: 2 ACPI AML tables successfully acquired and loaded
[    0.004000] APIC: Switch to symmetric I/O mode setup
[    0.004000] x2apic enabled
[    0.004000] Switched APIC routing to physical x2apic.
[    0.005366] ..TIMER: vector=0x30 apic1=0 pin1=2 apic2=-1 pin2=-1
[    0.008005] tsc: Detected 2712.006 MHz processor
[    0.012012] Calibrating delay loop (skipped) preset value.. 5424.01 BogoMIPS (lpj=10848024)
[    0.013505] pid_max: default: 32768 minimum: 301
[    0.014503] Security Framework initialized
[    0.015157] Yama: becoming mindful.
[    0.016026] AppArmor: AppArmor initialized
[    0.019972] Dentry cache hash table entries: 131072 (order: 8, 1048576 bytes)
[    0.020093] Inode-cache hash table entries: 65536 (order: 7, 524288 bytes)
[    0.024031] Mount-cache hash table entries: 2048 (order: 2, 16384 bytes)
[    0.028016] Mountpoint-cache hash table entries: 2048 (order: 2, 16384 bytes)
[    0.029577] Last level iTLB entries: 4KB 64, 2MB 8, 4MB 8
[    0.030732] Last level dTLB entries: 4KB 64, 2MB 0, 4MB 0, 1GB 4
[    0.032006] Spectre V1 : Mitigation: usercopy/swapgs barriers and __user pointer sanitization
[    0.033343] Spectre V2 : Mitigation: Full generic retpoline
[    0.036035] Spectre V2 : Spectre v2 / SpectreRSB mitigation: Filling RSB on context switch
[    0.040015] Speculative Store Bypass: Vulnerable
[    0.044073] SRBDS: Unknown: Dependent on hypervisor status
[    0.044997] MDS: Mitigation: Clear CPU buffers
[    0.046565] Freeing SMP alternatives memory: 36K
[    0.163680] smpboot: CPU0: Intel(R) Core(TM) i5-7200U CPU @ 2.50GHz (family: 0x6, model: 0x8e, stepping: 0x9)
[    0.164000] Performance Events: unsupported p6 CPU model 142 no PMU driver, software events only.
[    0.165836] Hierarchical SRCU implementation.
[    0.168986] NMI watchdog: Perf event create on CPU 0 failed with -2
[    0.172008] NMI watchdog: Perf NMI watchdog permanently disabled
[    0.173928] smp: Bringing up secondary CPUs ...
[    0.175203] x86: Booting SMP configuration:
[    0.176040] .... node  #0, CPUs:      #1
[    0.004000] kvm-clock: cpu 1, msr 0:3ff44041, secondary cpu clock
[    0.184030] smp: Brought up 1 node, 2 CPUs
[    0.184805] smpboot: Max logical packages: 1
[    0.185644] smpboot: Total of 2 processors activated (10848.02 BogoMIPS)
[    0.188170] devtmpfs: initialized
[    0.188736] x86/mm: Memory block size: 128MB
[    0.191483] evm: security.selinux
[    0.192013] evm: security.SMACK64
[    0.193923] evm: security.SMACK64EXEC
[    0.194668] evm: security.SMACK64TRANSMUTE
[    0.196009] evm: security.SMACK64MMAP
[    0.196860] evm: security.apparmor
[    0.197630] evm: security.ima
[    0.198590] evm: security.capability
[    0.200132] clocksource: jiffies: mask: 0xffffffff max_cycles: 0xffffffff, max_idle_ns: 7645041785100000 ns
[    0.201925] futex hash table entries: 512 (order: 3, 32768 bytes)
[    0.208000] pinctrl core: initialized pinctrl subsystem
[    0.208194] RTC time:  9:58:38, date: 11/24/20
[    0.216128] NET: Registered protocol family 16
[    0.220126] audit: initializing netlink subsys (disabled)
[    0.224067] audit: type=2000 audit(1606211923.503:1): state=initialized audit_enabled=0 res=1
[    0.226156] cpuidle: using governor ladder
[    0.228039] cpuidle: using governor menu
[    0.229502] ACPI: bus type PCI registered
[    0.230412] acpiphp: ACPI Hot Plug PCI Controller Driver version: 0.5
[    0.232203] PCI: Using configuration type 1 for base access
[    0.238617] HugeTLB registered 2.00 MiB page size, pre-allocated 0 pages
[    0.240122] ACPI: Added _OSI(Module Device)
[    0.241337] ACPI: Added _OSI(Processor Device)
[    0.242433] ACPI: Added _OSI(3.0 _SCP Extensions)
[    0.244017] ACPI: Added _OSI(Processor Aggregator Device)
[    0.245228] ACPI: Added _OSI(Linux-Dell-Video)
[    0.246209] ACPI: Added _OSI(Linux-Lenovo-NV-HDMI-Audio)
[    0.248013] ACPI: Added _OSI(Linux-HPI-Hybrid-Graphics)
[    0.252746] ACPI: Executed 1 blocks of module-level executable AML code
[    0.262267] ACPI: Interpreter enabled
[    0.264032] ACPI: (supports S0 S5)
[    0.264886] ACPI: Using IOAPIC for interrupt routing
[    0.266308] PCI: Using host bridge windows from ACPI; if necessary, use "pci=nocrs" and report a bug
[    0.268446] ACPI: Enabled 2 GPEs in block 00 to 07
[    0.290160] ACPI: PCI Root Bridge [PCI0] (domain 0000 [bus 00-ff])
[    0.292022] acpi PNP0A03:00: _OSC: OS supports [ASPM ClockPM Segments MSI]
[    0.297696] acpi PNP0A03:00: _OSC: not requesting OS control; OS requires [ExtendedConfig ASPM ClockPM MSI]
[    0.300032] acpi PNP0A03:00: fail to add MMCONFIG information, can't access extended PCI configuration space under this bridge.
[    0.304628] PCI host bridge to bus 0000:00
[    0.305478] pci_bus 0000:00: root bus resource [io  0x0000-0x0cf7 window]
[    0.306931] pci_bus 0000:00: root bus resource [io  0x0d00-0xffff window]
[    0.308013] pci_bus 0000:00: root bus resource [mem 0x000a0000-0x000bffff window]
[    0.312037] pci_bus 0000:00: root bus resource [mem 0x40000000-0xfdffffff window]
[    0.316004] pci_bus 0000:00: root bus resource [bus 00-ff]
[    0.318747] pci 0000:00:01.1: legacy IDE quirk: reg 0x10: [io  0x01f0-0x01f7]
[    0.320007] pci 0000:00:01.1: legacy IDE quirk: reg 0x14: [io  0x03f6]
[    0.321187] pci 0000:00:01.1: legacy IDE quirk: reg 0x18: [io  0x0170-0x0177]
[    0.323145] pci 0000:00:01.1: legacy IDE quirk: reg 0x1c: [io  0x0376]
[    0.372337] pci 0000:00:07.0: quirk: [io  0x4000-0x403f] claimed by PIIX4 ACPI
[    0.374599] pci 0000:00:07.0: quirk: [io  0x4100-0x410f] claimed by PIIX4 SMB
[    0.405724] ACPI: PCI Interrupt Link [LNKA] (IRQs 5 9 10 *11)
[    0.410517] ACPI: PCI Interrupt Link [LNKB] (IRQs 5 9 *10 11)
[    0.412642] ACPI: PCI Interrupt Link [LNKC] (IRQs 5 *9 10 11)
[    0.416290] ACPI: PCI Interrupt Link [LNKD] (IRQs 5 9 10 *11)
[    0.418371] SCSI subsystem initialized
[    0.419368] pci 0000:00:02.0: vgaarb: setting as boot VGA device
[    0.419368] pci 0000:00:02.0: vgaarb: VGA device added: decodes=io+mem,owns=io+mem,locks=none
[    0.420019] pci 0000:00:02.0: vgaarb: bridge control possible
[    0.421033] vgaarb: loaded
[    0.424044] ACPI: bus type USB registered
[    0.424805] usbcore: registered new interface driver usbfs
[    0.428032] usbcore: registered new interface driver hub
[    0.432116] usbcore: registered new device driver usb
[    0.433879] EDAC MC: Ver: 3.0.0
[    0.436033] PCI: Using ACPI for IRQ routing
[    0.437001] NetLabel: Initializing
[    0.437564] NetLabel:  domain hash size = 128
[    0.438259] NetLabel:  protocols = UNLABELED CIPSOv4 CALIPSO
[    0.439132] NetLabel:  unlabeled traffic allowed by default
[    0.440074] clocksource: Switched to clocksource kvm-clock
[    0.467170] VFS: Disk quotas dquot_6.6.0
[    0.467953] VFS: Dquot-cache hash table entries: 512 (order 0, 4096 bytes)
[    0.470252] AppArmor: AppArmor Filesystem Enabled
[    0.472236] pnp: PnP ACPI init
[    0.481765] pnp: PnP ACPI: found 3 devices
[    0.497801] clocksource: acpi_pm: mask: 0xffffff max_cycles: 0xffffff, max_idle_ns: 2085701024 ns
[    0.500216] NET: Registered protocol family 2
[    0.501538] TCP established hash table entries: 8192 (order: 4, 65536 bytes)
[    0.503900] TCP bind hash table entries: 8192 (order: 5, 131072 bytes)
[    0.508127] TCP: Hash tables configured (established 8192 bind 8192)
[    0.512085] UDP hash table entries: 512 (order: 2, 16384 bytes)
[    0.513331] UDP-Lite hash table entries: 512 (order: 2, 16384 bytes)
[    0.515393] NET: Registered protocol family 1
[    0.516451] pci 0000:00:00.0: Limiting direct PCI/PCI transfers
[    0.518694] pci 0000:00:01.0: Activating ISA DMA hang workarounds
[    0.520084] pci 0000:00:02.0: Video device with shadowed ROM at [mem 0x000c0000-0x000dffff]
[    0.524945] Unpacking initramfs...
[    1.045620] Freeing initrd memory: 19216K
[    1.047349] clocksource: tsc: mask: 0xffffffffffffffff max_cycles: 0x27178c274f7, max_idle_ns: 440795238189 ns
[    1.049680] platform rtc_cmos: registered platform RTC device (no PNP device found)
[    1.051045] Scanning for low memory corruption every 60 seconds
[    1.052613] Initialise system trusted keyrings
[    1.053433] Key type blacklist registered
[    1.054348] workingset: timestamp_bits=36 max_order=18 bucket_order=0
[    1.056203] zbud: loaded
[    1.057237] squashfs: version 4.0 (2009/01/31) Phillip Lougher
[    1.058732] fuse init (API version 7.26)
[    1.065970] Key type asymmetric registered
[    1.066904] Asymmetric key parser 'x509' registered
[    1.067911] Block layer SCSI generic (bsg) driver version 0.4 loaded (major 246)
[    1.069615] io scheduler noop registered
[    1.070509] io scheduler deadline registered
[    1.071661] io scheduler cfq registered (default)
[    1.072793] ACPI: AC Adapter [AC] (on-line)
[    1.073787] input: Power Button as /devices/LNXSYSTM:00/LNXPWRBN:00/input/input0
[    1.075500] ACPI: Power Button [PWRF]
[    1.078172] input: Sleep Button as /devices/LNXSYSTM:00/LNXSLPBN:00/input/input1
[    1.080902] ACPI: Sleep Button [SLPF]
[    1.083061] ACPI: Battery Slot [BAT0] (battery present)
[    1.084540] Serial: 8250/16550 driver, 32 ports, IRQ sharing enabled
[    1.106466] 00:02: ttyS0 at I/O 0x3f8 (irq = 4, base_baud = 115200) is a 16550A
[    1.113100] Linux agpgart interface v0.103
[    1.115167] loop: module loaded
[    1.116224] scsi host0: ata_piix
[    1.116889] scsi host1: ata_piix
[    1.117447] ata1: PATA max UDMA/33 cmd 0x1f0 ctl 0x3f6 bmdma 0xd000 irq 14
[    1.118571] ata2: PATA max UDMA/33 cmd 0x170 ctl 0x376 bmdma 0xd008 irq 15
[    1.120200] libphy: Fixed MDIO Bus: probed
[    1.120853] tun: Universal TUN/TAP device driver, 1.6
[    1.121748] PPP generic driver version 2.4.2
[    1.122571] ehci_hcd: USB 2.0 'Enhanced' Host Controller (EHCI) Driver
[    1.123830] ehci-pci: EHCI PCI platform driver
[    1.124679] ehci-platform: EHCI generic platform driver
[    1.127667] ohci_hcd: USB 1.1 'Open' Host Controller (OHCI) Driver
[    1.129489] ohci-pci: OHCI PCI platform driver
[    1.130742] ohci-platform: OHCI generic platform driver
[    1.131799] uhci_hcd: USB Universal Host Controller Interface driver
[    1.133147] i8042: PNP: PS/2 Controller [PNP0303:PS2K,PNP0f03:PS2M] at 0x60,0x64 irq 1,12
[    1.135620] serio: i8042 KBD port at 0x60,0x64 irq 1
[    1.136548] serio: i8042 AUX port at 0x60,0x64 irq 12
[    1.138053] mousedev: PS/2 mouse device common for all mice
[    1.139742] input: AT Translated Set 2 keyboard as /devices/platform/i8042/serio0/input/input2
[    1.142394] rtc_cmos rtc_cmos: rtc core: registered rtc_cmos as rtc0
[    1.148234] rtc_cmos rtc_cmos: alarms up to one day, 114 bytes nvram
[    1.149981] i2c /dev entries driver
[    1.151044] device-mapper: uevent: version 1.0.3
[    1.151959] device-mapper: ioctl: 4.37.0-ioctl (2017-09-20) initialised: dm-devel@redhat.com
[    1.153335] ledtrig-cpu: registered to indicate activity on CPUs
[    1.154634] NET: Registered protocol family 10
[    1.165291] Segment Routing with IPv6
[    1.166143] NET: Registered protocol family 17
[    1.166926] Key type dns_resolver registered
[    1.167912] mce: Using 0 MCE banks
[    1.169426] RAS: Correctable Errors collector initialized.
[    1.170470] sched_clock: Marking stable (1169384386, 0)->(1457597089, -288212703)
[    1.172161] registered taskstats version 1
[    1.172970] Loading compiled-in X.509 certificates
[    1.178111] Loaded X.509 cert 'Build time autogenerated kernel key: be62403dcace2d46f96dafa9f42421c610ef3c2a'
[    1.180509] zswap: loaded using pool lzo/zbud
[    1.184834] Key type big_key registered
[    1.185538] Key type trusted registered
[    1.187980] Key type encrypted registered
[    1.188967] AppArmor: AppArmor sha1 policy hashing enabled
[    1.190083] ima: No TPM chip found, activating TPM-bypass! (rc=-19)
[    1.191333] ima: Allocated hash algorithm: sha1
[    1.194736] evm: HMAC attrs: 0x1
[    1.196715]   Magic number: 12:231:981
[    1.197751] rtc_cmos rtc_cmos: setting system clock to 2020-11-24 09:58:39 UTC (1606211919)
[    1.199736] BIOS EDD facility v0.16 2004-Jun-25, 0 devices found
[    1.200859] EDD information not available.
[    1.554449] Freeing unused kernel image memory: 2436K
[    1.568745] Write protecting the kernel read-only data: 20480k
[    1.570465] Freeing unused kernel image memory: 2008K
[    1.571674] Freeing unused kernel image memory: 1872K
[    1.578924] x86/mm: Checked W+X mappings: passed, no W+X pages found.
[    1.580389] x86/mm: Checking user space page tables
[    1.586724] x86/mm: Checked W+X mappings: passed, no W+X pages found.
Loading, please wait...
starting version 237
[    1.716868] e1000: Intel(R) PRO/1000 Network Driver - version 7.3.21-k8-NAPI
[    1.718988] e1000: Copyright (c) 1999-2006 Intel Corporation.
[    1.720154] Fusion MPT base driver 3.04.20
[    1.720804] Copyright (c) 1999-2008 LSI Corporation
[    1.729666] Fusion MPT SPI Host driver 3.04.20
[    1.755713] AVX2 version of gcm_enc/dec engaged.
[    1.757440] AES CTR mode by8 optimization enabled
[    1.957943] input: ImExPS/2 Generic Explorer Mouse as /devices/platform/i8042/serio1/input/input4
[    2.533919] e1000 0000:00:03.0 eth0: (PCI:33MHz:32-bit) 02:45:4d:8a:ec:99
[    2.535900] e1000 0000:00:03.0 eth0: Intel(R) PRO/1000 Network Connection
[    2.538833] mptbase: ioc0: Initiating bringup
[    3.520173] ioc0: LSI53C1030 A0: Capabilities={Initiator}
[    5.518271] scsi host2: ioc0: LSI53C1030 A0, FwRev=00000000h, Ports=1, MaxQ=256, IRQ=20
[    7.194244] scsi 2:0:0:0: Direct-Access     VBOX     HARDDISK         1.0  PQ: 0 ANSI: 5
[    7.231068] scsi target2:0:0: Beginning Domain Validation
[    7.235514] scsi target2:0:0: Domain Validation skipping write tests
[    7.237666] scsi target2:0:0: Ending Domain Validation
[    7.239279] scsi target2:0:0: asynchronous
[    7.243575] scsi 2:0:1:0: Direct-Access     VBOX     HARDDISK         1.0  PQ: 0 ANSI: 5
[    7.624471] scsi target2:0:1: Beginning Domain Validation
[    7.629915] random: fast init done
[    7.631432] scsi target2:0:1: Domain Validation skipping write tests
[    7.633534] scsi target2:0:1: Ending Domain Validation
[    7.635494] scsi target2:0:1: asynchronous
[    7.651099] sd 2:0:0:0: Attached scsi generic sg0 type 0
[    7.652480] sd 2:0:0:0: [sda] 20971520 512-byte logical blocks: (10.7 GB/10.0 GiB)
[    7.653512] random: systemd-udevd: uninitialized urandom read (16 bytes read)
[    7.655294] sd 2:0:1:0: Attached scsi generic sg1 type 0
[    7.656547] random: systemd-udevd: uninitialized urandom read (16 bytes read)
[    7.656550] random: systemd-udevd: uninitialized urandom read (16 bytes read)
[    7.667593] sd 2:0:0:0: [sda] Write Protect is off
[    7.670568] sd 2:0:0:0: [sda] Incomplete mode parameter data
[    7.671859] sd 2:0:0:0: [sda] Assuming drive cache: write through
[    7.673460] sd 2:0:1:0: [sdb] 20480 512-byte logical blocks: (10.5 MB/10.0 MiB)
[    7.678914] sd 2:0:1:0: [sdb] Write Protect is off
[    7.680685] sd 2:0:1:0: [sdb] Incomplete mode parameter data
[    7.681814] sd 2:0:1:0: [sdb] Assuming drive cache: write through
[    7.688653]  sda: sda1
[    7.726091] sd 2:0:1:0: [sdb] Attached SCSI disk
[    7.727355] sd 2:0:0:0: [sda] Attached SCSI disk
[    7.951548] e1000 0000:00:08.0 eth1: (PCI:33MHz:32-bit) 08:00:27:6b:cf:50
[    7.952959] e1000 0000:00:08.0 eth1: Intel(R) PRO/1000 Network Connection
[    7.956627] e1000 0000:00:08.0 enp0s8: renamed from eth1
[    8.064350] e1000 0000:00:03.0 enp0s3: renamed from eth0
Begin: Loading essential drivers ... [    9.792553] raid6: sse2x1   gen()  6711 MB/s
[    9.841426] raid6: sse2x1   xor()  6050 MB/s
[    9.892573] raid6: sse2x2   gen()  9611 MB/s
[    9.940970] raid6: sse2x2   xor()  5735 MB/s
[    9.988430] raid6: sse2x4   gen()  9984 MB/s
[   10.040561] raid6: sse2x4   xor()  5864 MB/s
[   10.092945] raid6: avx2x1   gen() 11979 MB/s
[   10.140362] raid6: avx2x1   xor()  8843 MB/s
[   10.188531] raid6: avx2x2   gen() 17231 MB/s
[   10.236537] raid6: avx2x2   xor()  8361 MB/s
[   10.288209] raid6: avx2x4   gen() 13661 MB/s
[   10.336027] raid6: avx2x4   xor()  9016 MB/s
[   10.336785] raid6: using algorithm avx2x2 gen() 17231 MB/s
[   10.337701] raid6: .... xor() 8361 MB/s, rmw enabled
[   10.338490] raid6: using avx2x2 recovery algorithm
[   10.342755] xor: automatically using best checksumming function   avx       
[   10.347265] async_tx: api initialized (async)
done.
Begin: Running /scripts/init-premount ... done.
Begin: Mounting root file system ... Begin: Running /scripts/local-top ... done.
Begin: Running /scripts/local-premount ... [   10.439538] Btrfs loaded, crc32c=crc32c-intel
Scanning for Btrfs filesystems
done.
Warning: fsck not present, so skipping root file system
[   10.505322] EXT4-fs (sda1): mounted filesystem with ordered data mode. Opts: (null)
done.
Begin: Running /scripts/local-bottom ... done.
Begin: Running /scripts/init-bottom ... done.
[   10.842775] ip_tables: (C) 2000-2006 Netfilter Core Team
[   10.865748] systemd[1]: systemd 237 running in system mode. (+PAM +AUDIT +SELINUX +IMA +APPARMOR +SMACK +SYSVINIT +UTMP +LIBCRYPTSETUP +GCRYPT +GNUTLS +ACL +XZ +LZ4 +SECCOMP +BLKID +ELFUTILS +KMOD -IDN2 +IDN -PCRE2 default-hierarchy=hybrid)
[   10.870725] systemd[1]: Detected virtualization oracle.
[   10.871568] systemd[1]: Detected architecture x86-64.

Welcome to [1mUbuntu 18.04.5 LTS[0m!

[   10.882690] systemd[1]: Set hostname to <ubuntu-bionic>.
[   11.425380] systemd[1]: Reached target System Time Synchronized.
[[0;32m  OK  [0m] Reached target System Time Synchronized.
[   11.428235] systemd[1]: Set up automount Arbitrary Executable File Formats File System Automount Point.
[[0;32m  OK  [0m] Set up automount Arbitrary Executab…rmats File System Automount Point.
[   11.445926] systemd[1]: Reached target User and Group Name Lookups.
[[0;32m  OK  [0m] Reached target User and Group Name Lookups.
[   11.450431] systemd[1]: Started Forward Password Requests to Wall Directory Watch.
[[0;32m  OK  [0m] Started Forward Password Requests to Wall Directory Watch.
[   11.453055] systemd[1]: Reached target Swap.
[[0;32m  OK  [0m] Reached target Swap.
[   11.460181] systemd[1]: Created slice User and Session Slice.
[[0;32m  OK  [0m] Created slice User and Session Slice.
[[0;32m  OK  [0m] Created slice System Slice.
[[0;32m  OK  [0m] Listening on Device-mapper event daemon FIFOs.
[[0;32m  OK  [0m] Listening on Journal Audit Socket.
[[0;32m  OK  [0m] Listening on Journal Socket (/dev/log).
[[0;32m  OK  [0m] Listening on LVM2 poll daemon socket.
[[0;32m  OK  [0m] Listening on Journal Socket.
         Mounting POSIX Message Queue File System...
         Mounting Huge Pages File System...
         Starting Create list of required st…ce nodes for the current kernel...
[[0;32m  OK  [0m] Listening on LVM2 metadata daemon socket.
         Starting Remount Root and Kernel File Systems...
[[0;32m  OK  [0m] Listening on /dev/initctl Compatibility Named Pipe.
[[0;32m  OK  [0m] Listening on Network Service Netlink Socket.
[[0;32m  OK  [0m] Listening on udev Kernel Socket.
         Starting Uncomplicated firewall...
         Starting Monitoring of LVM2 mirrors…ng dmeventd or progress polling...
[[0;32m  OK  [0m] Listening on Syslog Socket.
         Starting Journal Service...
         Mounting Kernel Debug File System...
         Starting Set the console keyboard layout...
[[0;32m  OK  [0m] Listening on udev Control Socket.
         Starting udev Coldplug all Devices...
[[0;32m  OK  [0m] Created slice system-serial\x2dgetty.slice.
[[0;32m  OK  [0m] Reached target Slices.
[   11.628566] EXT4-fs (sda1): re-mounted. Opts: (null)
         Starting Load Kernel Modules...
[[0;32m  OK  [0m] Mounted POSIX Message Queue File System.
[[0;32m  OK  [0m] Mounted Huge Pages File System.
[[0;32m  OK  [0m] Started Create list of required sta…vice nodes for the current kernel.
[[0;32m  OK  [0m] Started Remount Root and Kernel File Systems.
[[0;32m  OK  [0m] Started Uncomplicated firewall.
[[0;32m  OK  [0m] Mounted Kernel Debug File System.
         Starting Load/Save Random Seed...
[   11.711688] Loading iSCSI transport class v2.0-870.
         Starting Create Static Device Nodes in /dev...
[[0;32m  OK  [0m] Started Load/Save Random Seed.
[[0;32m  OK  [0m] Started Journal Service.
         Starting Flush Journal to Persistent Storage...
[   11.755346] iscsi: registered transport (tcp)
[[0;32m  OK  [0m] Started udev Coldplug all Devices.
[   11.814710] systemd-journald[403]: Received request to flush runtime journal from PID 1
[[0;32m  OK  [0m] Started LVM2 metadata daemon.
[[0;32m  OK  [0m] Started Create Static Device Nodes in /dev.
[   11.881032] iscsi: registered transport (iser)
         Starting udev Kernel Device Manager...
[[0;32m  OK  [0m] Started Load Kernel Modules.
         Mounting Kernel Configuration File System...
         Mounting FUSE Control File System...
         Starting Apply Kernel Variables...
[[0;32m  OK  [0m] Mounted Kernel Configuration File System.
[[0;32m  OK  [0m] Mounted FUSE Control File System.
[[0;32m  OK  [0m] Started Monitoring of LVM2 mirrors,…sing dmeventd or progress polling.
[[0;32m  OK  [0m] Started udev Kernel Device Manager.
[[0;32m  OK  [0m] Started Set the console keyboard layout.
[[0;32m  OK  [0m] Started Dispatch Password Requests to Console Directory Watch.
[[0;32m  OK  [0m] Reached target Local Encrypted Volumes.
[[0;32m  OK  [0m] Reached target Local File Systems (Pre).
         Mounting /vagrant...
[[0;32m  OK  [0m] Reached target Local File Systems.
         Starting AppArmor initialization...
         Starting Tell Plymouth To Write Out Runtime Data...
         Starting Set console font and keymap...
         Starting ebtables ruleset management...
[[0;32m  OK  [0m] Started Flush Journal to Persistent Storage.
[[0;32m  OK  [0m] Started Apply Kernel Variables.
[[0;32m  OK  [0m] Started Tell Plymouth To Write Out Runtime Data.
         Starting Create Volatile Files and Directories...
[[0;32m  OK  [0m] Started Set console font and keymap.
[[0;32m  OK  [0m] Started Create Volatile Files and Directories.
         Starting Update UTMP about System Boot/Shutdown...
[[0;32m  OK  [0m] Mounted /vagrant.
[[0;32m  OK  [0m] Started Update UTMP about System Boot/Shutdown.
[[0;32m  OK  [0m] Started ebtables ruleset management.
[[0;32m  OK  [0m] Started AppArmor initialization.
         Starting Load AppArmor profiles managed internally by snapd...
         Starting Initial cloud-init job (pre-networking)...
[[0;32m  OK  [0m] Started Load AppArmor profiles managed internally by snapd.
[[0;32m  OK  [0m] Found device /dev/ttyS0.
[[0;32m  OK  [0m] Listening on Load/Save RF Kill Switch Status /dev/rfkill Watch.
[   15.337802] cloud-init[521]: Cloud-init v. 20.3-2-g371b392c-0ubuntu1~18.04.1 running 'init-local' at Tue, 24 Nov 2020 09:58:53 +0000. Up 15.01 seconds.
[[0;32m  OK  [0m] Started Initial cloud-init job (pre-networking).
[[0;32m  OK  [0m] Reached target Network (Pre).
         Starting Network Service...
[[0;32m  OK  [0m] Started Network Service.
         Starting Wait for Network to be Configured...
         Starting Network Name Resolution...
[[0;32m  OK  [0m] Started Network Name Resolution.
[[0;32m  OK  [0m] Reached target Network.
[[0;32m  OK  [0m] Reached target Host and Network Name Lookups.
[[0;32m  OK  [0m] Started Wait for Network to be Configured.
         Starting Initial cloud-init job (metadata service crawler)...
[   18.495519] cloud-init[676]: Cloud-init v. 20.3-2-g371b392c-0ubuntu1~18.04.1 running 'init' at Tue, 24 Nov 2020 09:58:56 +0000. Up 18.03 seconds.
[   18.497221] cloud-init[676]: ci-info: ++++++++++++++++++++++++++++++++++++++Net device info+++++++++++++++++++++++++++++++++++++++
[   18.498619] cloud-init[676]: ci-info: +--------+-------+----------------------------+---------------+--------+-------------------+
[   18.513073] cloud-init[676]: ci-info: | Device |   Up  |          Address           |      Mask     | Scope  |     Hw-Address    |
[   18.517193] cloud-init[676]: ci-info: +--------+-------+----------------------------+---------------+--------+-------------------+
[   18.519668] cloud-init[676]: ci-info: | enp0s3 |  True |         10.0.2.15          | 255.255.255.0 | global | 02:45:4d:8a:ec:99 |
[   18.521524] cloud-init[676]: ci-info: | enp0s3 |  True | fe80::45:4dff:fe8a:ec99/64 |       .       |  link  | 02:45:4d:8a:ec:99 |
[   18.529469] cloud-init[676]: ci-info: | enp0s8 | False |             .              |       .       |   .    | 08:00:27:6b:cf:50 |
[   18.531305] cloud-init[676]: ci-info: |   lo   |  True |         127.0.0.1          |   255.0.0.0   |  host  |         .         |
[   18.533251] cloud-init[676]: ci-info: |   lo   |  True |          ::1/128           |       .       |  host  |         .         |
[   18.544591] cloud-init[676]: ci-info: +--------+-------+----------------------------+---------------+--------+-------------------+
[   18.550554] cloud-init[676]: ci-info: ++++++++++++++++++++++++++++Route IPv4 info+++++++++++++++++++++++++++++
[   18.553018] cloud-init[676]: ci-info: +-------+-------------+----------+-----------------+-----------+-------+
[   18.554871] cloud-init[676]: ci-info: | Route | Destination | Gateway  |     Genmask     | Interface | Flags |
[   18.574566] cloud-init[676]: ci-info: +-------+-------------+----------+-----------------+-----------+-------+
[   18.580020] cloud-init[676]: ci-info: |   0   |   0.0.0.0   | 10.0.2.2 |     0.0.0.0     |   enp0s3  |   UG  |
[   18.581623] cloud-init[676]: ci-info: |   1   |   10.0.2.0  | 0.0.0.0  |  255.255.255.0  |   enp0s3  |   U   |
[   18.583624] cloud-init[676]: ci-info: |   2   |   10.0.2.2  | 0.0.0.0  | 255.255.255.255 |   enp0s3  |   UH  |
[   18.585591] cloud-init[676]: ci-info: +-------+-------------+----------+-----------------+-----------+-------+
[   18.587074] cloud-init[676]: ci-info: +++++++++++++++++++Route IPv6 info+++++++++++++++++++
[   18.600377] cloud-init[676]: ci-info: +-------+-------------+---------+-----------+-------+
[   18.601796] cloud-init[676]: ci-info: | Route | Destination | Gateway | Interface | Flags |
[   18.602924] cloud-init[676]: ci-info: +-------+-------------+---------+-----------+-------+
[   18.609759] cloud-init[676]: ci-info: |   1   |  fe80::/64  |    ::   |   enp0s3  |   U   |
[   18.624952] cloud-init[676]: ci-info: |   3   |    local    |    ::   |   enp0s3  |   U   |
[   18.626632] cloud-init[676]: ci-info: |   4   |   ff00::/8  |    ::   |   enp0s3  |   U   |
[   18.628177] cloud-init[676]: ci-info: +-------+-------------+---------+-----------+-------+
[[0;32m  OK  [0m] Started Initial cloud-init job (metadata service crawler).
[[0;32m  OK  [0m] Reached target Network is Online.
         Starting Availability of block devices...
[[0;32m  OK  [0m] Reached target Remote File Systems (Pre).
[[0;32m  OK  [0m] Reached target Remote File Systems.
[[0;32m  OK  [0m] Reached target Cloud-config availability.
[[0;32m  OK  [0m] Reached target System Initialization.
[[0;32m  OK  [0m] Started Discard unused blocks once a week.
[[0;32m  OK  [0m] Listening on D-Bus System Message Bus Socket.
[[0;32m  OK  [0m] Started ACPI Events Check.
[[0;32m  OK  [0m] Listening on UUID daemon activation socket.
[[0;32m  OK  [0m] Listening on ACPID Listen Socket.
         Starting Socket activation for snappy daemon.
[[0;32m  OK  [0m] Started Daily apt download activities.
[[0;32m  OK  [0m] Started Daily Cleanup of Temporary Directories.
         Starting LXD - unix socket.
[[0;32m  OK  [0m] Reached target Paths.
[[0;32m  OK  [0m] Started Message of the Day.
[[0;32m  OK  [0m] Listening on Open-iSCSI iscsid Socket.
[[0;32m  OK  [0m] Started Daily apt upgrade and clean activities.
[[0;32m  OK  [0m] Reached target Timers.
[[0;32m  OK  [0m] Started Availability of block devices.
[[0;32m  OK  [0m] Listening on Socket activation for snappy daemon.
[[0;32m  OK  [0m] Listening on LXD - unix socket.
[[0;32m  OK  [0m] Reached target Sockets.
[[0;32m  OK  [0m] Reached target Basic System.
[[0;32m  OK  [0m] Started irqbalance daemon.
[[0;32m  OK  [0m] Started Regular background program processing daemon.
[[0;32m  OK  [0m] Started Deferred execution scheduler.
         Starting Accounts Service...
[[0;32m  OK  [0m] Started D-Bus System Message Bus.
[[0;32m  OK  [0m] Started FUSE filesystem for LXC.
         Starting Login Service...
         Starting LSB: Record successful boot for GRUB...
         Starting OpenBSD Secure Shell server...
         Starting LSB: automatic crash report generation...
         Starting System Logging Service...
         Starting Permit User Sessions...
         Starting LXD - container startup/shutdown...
         Starting Dispatcher daemon for systemd-networkd...
         Starting Virtualbox guest utils...
         Starting Snap Daemon...
[[0;32m  OK  [0m] Started System Logging Service.
[[0;32m  OK  [0m] Started Permit User Sessions.
[[0;32m  OK  [0m] Started OpenBSD Secure Shell server.
[[0;32m  OK  [0m] Started Login Service.
[[0;32m  OK  [0m] Started Unattended Upgrades Shutdown.
         Starting Authorization Manager...
         Starting Terminate Plymouth Boot Screen...
         Starting Hold until boot process finishes up...
[[0;32m  OK  [0m] Started Hold until boot process finishes up.
         Starting Set console scheme...
[[0;32m  OK  [0m] Started Serial Getty on ttyS0.
[[0;32m  OK  [0m] Started Terminate Plymouth Boot Screen.
[[0;32m  OK  [0m] Started Set console scheme.
[[0;32m  OK  [0m] Created slice system-getty.slice.
[[0;32m  OK  [0m] Started Getty on tty1.
[[0;32m  OK  [0m] Reached target Login Prompts.
[[0;32m  OK  [0m] Started LSB: Record successful boot for GRUB.
[[0;32m  OK  [0m] Started LSB: automatic crash report generation.
[[0;32m  OK  [0m] Started Authorization Manager.
[[0;32m  OK  [0m] Started Accounts Service.
[[0;32m  OK  [0m] Started Virtualbox guest utils.
[[0;32m  OK  [0m] Started LXD - container startup/shutdown.
[[0;32m  OK  [0m] Created slice User Slice of vagrant.
         Starting User Manager for UID 1000...
[[0;32m  OK  [0m] Started Session 1 of user vagrant.
[[0;32m  OK  [0m] Started Dispatcher daemon for systemd-networkd.
[[0;32m  OK  [0m] Started User Manager for UID 1000.
[[0;32m  OK  [0m] Started Snap Daemon.
         Starting Wait until snapd is fully seeded...
[[0;32m  OK  [0m] Started Wait until snapd is fully seeded.
         Starting Apply the settings specified in cloud-config...
[[0;32m  OK  [0m] Reached target Multi-User System.
[[0;32m  OK  [0m] Reached target Graphical Interface.
         Starting Update UTMP about System Runlevel Changes...
[[0;32m  OK  [0m] Started Update UTMP about System Runlevel Changes.
[   22.648461] cloud-init[1070]: Cloud-init v. 20.3-2-g371b392c-0ubuntu1~18.04.1 running 'modules:config' at Tue, 24 Nov 2020 09:59:00 +0000. Up 22.24 seconds.
[[0;32m  OK  [0m] Started Apply the settings specified in cloud-config.
         Starting Execute cloud user/final scripts...
         Starting Hostname Service...
[[0;32m  OK  [0m] Started Hostname Service.
[[0;32m  OK  [0m] Stopped Wait for Network to be Configured.
         Stopping Wait for Network to be Configured...
         Stopping Network Service...
[[0;32m  OK  [0m] Stopped Network Service.
         Starting Network Service...
[[0;32m  OK  [0m] Started Network Service.
         Starting Wait for Network to be Configured...
[   24.370196] cloud-init[1174]: Cloud-init v. 20.3-2-g371b392c-0ubuntu1~18.04.1 running 'modules:final' at Tue, 24 Nov 2020 09:59:02 +0000. Up 23.97 seconds.
[   24.381453] cloud-init[1174]: Cloud-init v. 20.3-2-g371b392c-0ubuntu1~18.04.1 finished at Tue, 24 Nov 2020 09:59:02 +0000. Datasource DataSourceNoCloud [seed=/dev/sdb][dsmode=net].  Up 24.30 seconds
[[0;32m  OK  [0m] Started Wait for Network to be Configured.
[[0;32m  OK  [0m] Started Execute cloud user/final scripts.
[[0;32m  OK  [0m] Reached target Cloud-init target.

Ubuntu 18.04.5 LTS www ttyS0

www login: 